2023-05-18 18:17:14.162 [info] Log level: Info
2023-05-18 18:17:14.162 [info] Validating found git in: "git"
2023-05-18 18:17:14.162 [info] Using git "2.25.1" from "git"
2023-05-18 18:17:14.162 [info] > git rev-parse --show-toplevel [117ms]
2023-05-18 18:17:14.162 [info] > git rev-parse --show-toplevel [139ms]
2023-05-18 18:17:14.162 [info] > git rev-parse --git-dir --git-common-dir [3ms]
2023-05-18 18:17:14.162 [info] Open repository: /home/wolfmagus/Development
2023-05-18 18:17:14.162 [info] > git rev-parse --show-toplevel [29ms]
2023-05-18 18:17:14.162 [info] > git config --get commit.template [18ms]
2023-05-18 18:17:14.162 [info] > git rev-parse --show-toplevel [3ms]
2023-05-18 18:17:14.162 [info] > git rev-parse --show-toplevel [52ms]
2023-05-18 18:17:14.164 [info] > git rev-parse --show-toplevel [24ms]
2023-05-18 18:17:14.183 [info] > git rev-parse --show-toplevel [1ms]
2023-05-18 18:17:14.303 [info] > git for-each-ref --format=%(refname)%00%(upstream:short)%00%(objectname)%00%(upstream:track)%00%(upstream:remotename)%00%(upstream:remoteref) refs/heads/main refs/remotes/main [211ms]
2023-05-18 18:17:14.807 [info] > git check-ignore -v -z --stdin [32ms]
2023-05-18 18:17:15.971 [info] > git status -z -uall [1642ms]
2023-05-18 18:17:16.005 [info] > git config --get commit.template [14ms]
2023-05-18 18:17:16.005 [info] > git for-each-ref --format=%(refname)%00%(upstream:short)%00%(objectname)%00%(upstream:track)%00%(upstream:remotename)%00%(upstream:remoteref) refs/heads/main refs/remotes/main [3ms]
2023-05-18 18:17:16.099 [info] > git status -z -uall [76ms]
2023-05-18 18:17:19.272 [info] > git show --textconv :mod-3/name-badge/src/index.js [8ms]
2023-05-18 18:17:19.278 [info] > git ls-files --stage -- /home/wolfmagus/Development/mod-3/name-badge/src/index.js [8ms]
2023-05-18 18:17:19.292 [info] > git cat-file -s febf2866ec21408fbdd53af9563b89d7ccb90c55 [2ms]
2023-05-18 18:17:24.504 [info] > git rev-parse --show-toplevel [2ms]
2023-05-18 18:17:50.940 [info] > git config --get commit.template [7ms]
2023-05-18 18:17:50.940 [info] > git for-each-ref --format=%(refname)%00%(upstream:short)%00%(objectname)%00%(upstream:track)%00%(upstream:remotename)%00%(upstream:remoteref) refs/heads/main refs/remotes/main [2ms]
2023-05-18 18:17:50.999 [info] > git status -z -uall [54ms]
2023-05-18 18:17:58.376 [info] > git config --get commit.template [1ms]
2023-05-18 18:17:58.382 [info] > git for-each-ref --format=%(refname)%00%(upstream:short)%00%(objectname)%00%(upstream:track)%00%(upstream:remotename)%00%(upstream:remoteref) refs/heads/main refs/remotes/main [2ms]
2023-05-18 18:17:58.436 [info] > git status -z -uall [48ms]
2023-05-18 18:18:04.522 [info] > git config --get commit.template [8ms]
2023-05-18 18:18:04.523 [info] > git for-each-ref --format=%(refname)%00%(upstream:short)%00%(objectname)%00%(upstream:track)%00%(upstream:remotename)%00%(upstream:remoteref) refs/heads/main refs/remotes/main [1ms]
2023-05-18 18:18:04.580 [info] > git status -z -uall [53ms]
2023-05-18 18:18:17.402 [info] > git config --get commit.template [1ms]
2023-05-18 18:18:17.408 [info] > git for-each-ref --format=%(refname)%00%(upstream:short)%00%(objectname)%00%(upstream:track)%00%(upstream:remotename)%00%(upstream:remoteref) refs/heads/main refs/remotes/main [1ms]
2023-05-18 18:18:17.466 [info] > git status -z -uall [54ms]
2023-05-18 18:18:24.167 [info] > git config --get commit.template [6ms]
2023-05-18 18:18:24.169 [info] > git for-each-ref --format=%(refname)%00%(upstream:short)%00%(objectname)%00%(upstream:track)%00%(upstream:remotename)%00%(upstream:remoteref) refs/heads/main refs/remotes/main [3ms]
2023-05-18 18:18:24.273 [info] > git status -z -uall [95ms]
2023-05-18 18:18:29.295 [info] > git config --get commit.template [8ms]
2023-05-18 18:18:29.295 [info] > git for-each-ref --format=%(refname)%00%(upstream:short)%00%(objectname)%00%(upstream:track)%00%(upstream:remotename)%00%(upstream:remoteref) refs/heads/main refs/remotes/main [1ms]
2023-05-18 18:18:29.358 [info] > git status -z -uall [58ms]
2023-05-18 18:18:34.368 [info] > git config --get commit.template [1ms]
2023-05-18 18:18:34.375 [info] > git for-each-ref --format=%(refname)%00%(upstream:short)%00%(objectname)%00%(upstream:track)%00%(upstream:remotename)%00%(upstream:remoteref) refs/heads/main refs/remotes/main [1ms]
2023-05-18 18:18:34.437 [info] > git status -z -uall [57ms]
2023-05-18 18:18:39.452 [info] > git config --get commit.template [7ms]
2023-05-18 18:18:39.454 [info] > git for-each-ref --format=%(refname)%00%(upstream:short)%00%(objectname)%00%(upstream:track)%00%(upstream:remotename)%00%(upstream:remoteref) refs/heads/main refs/remotes/main [2ms]
2023-05-18 18:18:39.510 [info] > git status -z -uall [50ms]
2023-05-18 18:18:54.711 [info] > git config --get commit.template [2ms]
2023-05-18 18:18:54.717 [info] > git for-each-ref --format=%(refname)%00%(upstream:short)%00%(objectname)%00%(upstream:track)%00%(upstream:remotename)%00%(upstream:remoteref) refs/heads/main refs/remotes/main [1ms]
2023-05-18 18:18:54.772 [info] > git status -z -uall [50ms]
2023-05-18 18:18:59.788 [info] > git config --get commit.template [6ms]
2023-05-18 18:18:59.789 [info] > git for-each-ref --format=%(refname)%00%(upstream:short)%00%(objectname)%00%(upstream:track)%00%(upstream:remotename)%00%(upstream:remoteref) refs/heads/main refs/remotes/main [1ms]
2023-05-18 18:18:59.845 [info] > git status -z -uall [53ms]
2023-05-18 18:19:04.856 [info] > git config --get commit.template [1ms]
2023-05-18 18:19:04.861 [info] > git for-each-ref --format=%(refname)%00%(upstream:short)%00%(objectname)%00%(upstream:track)%00%(upstream:remotename)%00%(upstream:remoteref) refs/heads/main refs/remotes/main [1ms]
2023-05-18 18:19:04.920 [info] > git status -z -uall [55ms]
2023-05-18 18:19:09.935 [info] > git config --get commit.template [6ms]
2023-05-18 18:19:09.936 [info] > git for-each-ref --format=%(refname)%00%(upstream:short)%00%(objectname)%00%(upstream:track)%00%(upstream:remotename)%00%(upstream:remoteref) refs/heads/main refs/remotes/main [2ms]
2023-05-18 18:19:09.992 [info] > git status -z -uall [50ms]
2023-05-18 18:19:15.010 [info] > git config --get commit.template [8ms]
2023-05-18 18:19:15.010 [info] > git for-each-ref --format=%(refname)%00%(upstream:short)%00%(objectname)%00%(upstream:track)%00%(upstream:remotename)%00%(upstream:remoteref) refs/heads/main refs/remotes/main [1ms]
2023-05-18 18:19:15.066 [info] > git status -z -uall [51ms]
2023-05-18 18:19:22.864 [info] > git config --get commit.template [5ms]
2023-05-18 18:19:22.864 [info] > git for-each-ref --format=%(refname)%00%(upstream:short)%00%(objectname)%00%(upstream:track)%00%(upstream:remotename)%00%(upstream:remoteref) refs/heads/main refs/remotes/main [1ms]
2023-05-18 18:19:22.928 [info] > git status -z -uall [59ms]
2023-05-18 18:19:27.944 [info] > git config --get commit.template [7ms]
2023-05-18 18:19:27.945 [info] > git for-each-ref --format=%(refname)%00%(upstream:short)%00%(objectname)%00%(upstream:track)%00%(upstream:remotename)%00%(upstream:remoteref) refs/heads/main refs/remotes/main [1ms]
2023-05-18 18:19:28.001 [info] > git status -z -uall [52ms]
2023-05-18 18:19:33.020 [info] > git config --get commit.template [6ms]
2023-05-18 18:19:33.020 [info] > git for-each-ref --format=%(refname)%00%(upstream:short)%00%(objectname)%00%(upstream:track)%00%(upstream:remotename)%00%(upstream:remoteref) refs/heads/main refs/remotes/main [1ms]
2023-05-18 18:19:33.078 [info] > git status -z -uall [53ms]
2023-05-18 18:19:39.526 [info] > git config --get commit.template [1ms]
2023-05-18 18:19:39.533 [info] > git for-each-ref --format=%(refname)%00%(upstream:short)%00%(objectname)%00%(upstream:track)%00%(upstream:remotename)%00%(upstream:remoteref) refs/heads/main refs/remotes/main [1ms]
2023-05-18 18:19:39.593 [info] > git status -z -uall [56ms]
2023-05-18 18:19:58.112 [info] > git config --get commit.template [7ms]
2023-05-18 18:19:58.113 [info] > git for-each-ref --format=%(refname)%00%(upstream:short)%00%(objectname)%00%(upstream:track)%00%(upstream:remotename)%00%(upstream:remoteref) refs/heads/main refs/remotes/main [1ms]
2023-05-18 18:19:58.176 [info] > git status -z -uall [58ms]
2023-05-18 18:20:03.194 [info] > git config --get commit.template [7ms]
2023-05-18 18:20:03.194 [info] > git for-each-ref --format=%(refname)%00%(upstream:short)%00%(objectname)%00%(upstream:track)%00%(upstream:remotename)%00%(upstream:remoteref) refs/heads/main refs/remotes/main [1ms]
2023-05-18 18:20:03.255 [info] > git status -z -uall [56ms]
2023-05-18 18:20:12.958 [info] > git config --get commit.template [1ms]
2023-05-18 18:20:12.964 [info] > git for-each-ref --format=%(refname)%00%(upstream:short)%00%(objectname)%00%(upstream:track)%00%(upstream:remotename)%00%(upstream:remoteref) refs/heads/main refs/remotes/main [1ms]
2023-05-18 18:20:13.021 [info] > git status -z -uall [52ms]
2023-05-18 18:20:18.038 [info] > git config --get commit.template [6ms]
2023-05-18 18:20:18.038 [info] > git for-each-ref --format=%(refname)%00%(upstream:short)%00%(objectname)%00%(upstream:track)%00%(upstream:remotename)%00%(upstream:remoteref) refs/heads/main refs/remotes/main [1ms]
2023-05-18 18:20:18.100 [info] > git status -z -uall [53ms]
2023-05-18 18:20:23.112 [info] > git config --get commit.template [1ms]
2023-05-18 18:20:23.118 [info] > git for-each-ref --format=%(refname)%00%(upstream:short)%00%(objectname)%00%(upstream:track)%00%(upstream:remotename)%00%(upstream:remoteref) refs/heads/main refs/remotes/main [1ms]
2023-05-18 18:20:23.173 [info] > git status -z -uall [52ms]
2023-05-18 18:20:28.185 [info] > git config --get commit.template [2ms]
2023-05-18 18:20:28.191 [info] > git for-each-ref --format=%(refname)%00%(upstream:short)%00%(objectname)%00%(upstream:track)%00%(upstream:remotename)%00%(upstream:remoteref) refs/heads/main refs/remotes/main [1ms]
2023-05-18 18:20:28.248 [info] > git status -z -uall [52ms]
2023-05-18 18:20:37.382 [info] > git config --get commit.template [8ms]
2023-05-18 18:20:37.382 [info] > git for-each-ref --format=%(refname)%00%(upstream:short)%00%(objectname)%00%(upstream:track)%00%(upstream:remotename)%00%(upstream:remoteref) refs/heads/main refs/remotes/main [1ms]
2023-05-18 18:20:37.437 [info] > git status -z -uall [51ms]
2023-05-18 18:20:42.453 [info] > git config --get commit.template [5ms]
2023-05-18 18:20:42.454 [info] > git for-each-ref --format=%(refname)%00%(upstream:short)%00%(objectname)%00%(upstream:track)%00%(upstream:remotename)%00%(upstream:remoteref) refs/heads/main refs/remotes/main [1ms]
2023-05-18 18:20:42.509 [info] > git status -z -uall [50ms]
2023-05-18 18:20:47.525 [info] > git config --get commit.template [5ms]
2023-05-18 18:20:47.525 [info] > git for-each-ref --format=%(refname)%00%(upstream:short)%00%(objectname)%00%(upstream:track)%00%(upstream:remotename)%00%(upstream:remoteref) refs/heads/main refs/remotes/main [1ms]
2023-05-18 18:20:47.583 [info] > git status -z -uall [52ms]
2023-05-18 18:20:55.569 [info] > git config --get commit.template [7ms]
2023-05-18 18:20:55.569 [info] > git for-each-ref --format=%(refname)%00%(upstream:short)%00%(objectname)%00%(upstream:track)%00%(upstream:remotename)%00%(upstream:remoteref) refs/heads/main refs/remotes/main [1ms]
2023-05-18 18:20:55.628 [info] > git status -z -uall [55ms]
2023-05-18 18:21:04.809 [info] > git for-each-ref --format=%(refname)%00%(upstream:short)%00%(objectname)%00%(upstream:track)%00%(upstream:remotename)%00%(upstream:remoteref) refs/heads/main refs/remotes/main [1ms]
2023-05-18 18:21:04.809 [info] > git config --get commit.template [10ms]
2023-05-18 18:21:04.905 [info] > git status -z -uall [91ms]
2023-05-18 18:21:09.922 [info] > git config --get commit.template [6ms]
2023-05-18 18:21:09.923 [info] > git for-each-ref --format=%(refname)%00%(upstream:short)%00%(objectname)%00%(upstream:track)%00%(upstream:remotename)%00%(upstream:remoteref) refs/heads/main refs/remotes/main [1ms]
2023-05-18 18:21:10.023 [info] > git status -z -uall [95ms]
2023-05-18 18:21:25.990 [info] > git check-ignore -v -z --stdin [5ms]
2023-05-18 18:21:28.612 [info] > git rev-parse --show-toplevel [3ms]
2023-05-18 18:23:43.196 [info] > git rev-parse --show-toplevel [4ms]
2023-05-18 18:23:46.892 [info] > git rev-parse --show-toplevel [1ms]
2023-05-18 18:25:03.628 [info] > git rev-parse --show-toplevel [3ms]
2023-05-18 18:25:35.007 [info] > git config --get commit.template [7ms]
2023-05-18 18:25:35.007 [info] > git for-each-ref --format=%(refname)%00%(upstream:short)%00%(objectname)%00%(upstream:track)%00%(upstream:remotename)%00%(upstream:remoteref) refs/heads/main refs/remotes/main [1ms]
2023-05-18 18:25:35.064 [info] > git status -z -uall [52ms]
2023-05-18 18:25:40.079 [info] > git config --get commit.template [5ms]
2023-05-18 18:25:40.079 [info] > git for-each-ref --format=%(refname)%00%(upstream:short)%00%(objectname)%00%(upstream:track)%00%(upstream:remotename)%00%(upstream:remoteref) refs/heads/main refs/remotes/main [1ms]
2023-05-18 18:25:40.136 [info] > git status -z -uall [50ms]
2023-05-18 18:25:41.187 [info] > git rev-parse --show-toplevel [2ms]
2023-05-18 18:26:47.876 [info] > git rev-parse --show-toplevel [2ms]
2023-05-18 18:27:08.731 [info] > git rev-parse --show-toplevel [2ms]
2023-05-18 18:27:15.172 [info] > git rev-parse --show-toplevel [2ms]
2023-05-18 18:29:21.776 [info] > git rev-parse --show-toplevel [9ms]
2023-05-18 18:31:14.617 [info] > git check-ignore -v -z --stdin [5ms]
2023-05-18 18:31:26.474 [info] > git check-ignore -v -z --stdin [5ms]
2023-05-18 18:31:27.749 [info] > git ls-files --stage -- /home/wolfmagus/Development/mod-4/ugly-things-5/src/App.js [3ms]
2023-05-18 18:31:27.764 [info] > git cat-file -s 17f2f569d06733a6a78a13b3fa12383206ffbd53 [8ms]
2023-05-18 18:31:27.765 [info] > git show --textconv :mod-4/ugly-things-5/src/App.js [26ms]
2023-05-18 18:31:40.135 [info] > git ls-files --stage -- /home/wolfmagus/Development/mod-4/ugly-things-5/src/index.js [5ms]
2023-05-18 18:31:40.142 [info] > git show --textconv :mod-4/ugly-things-5/src/index.js [18ms]
2023-05-18 18:31:40.144 [info] > git cat-file -s d6d06beb585d919a16cc000c1f100dc0bed0cb40 [2ms]
2023-05-18 18:31:51.082 [info] > git show --textconv :mod-4/ugly-things-5/src/App.js [11ms]
2023-05-18 18:31:51.084 [info] > git ls-files --stage -- /home/wolfmagus/Development/mod-4/ugly-things-5/src/App.js [6ms]
2023-05-18 18:31:51.092 [info] > git cat-file -s 17f2f569d06733a6a78a13b3fa12383206ffbd53 [1ms]
2023-05-18 18:32:08.403 [info] > git show --textconv :mod-4/ugly-things-5/src/index.js [8ms]
2023-05-18 18:32:08.406 [info] > git ls-files --stage -- /home/wolfmagus/Development/mod-4/ugly-things-5/src/index.js [5ms]
2023-05-18 18:32:08.415 [info] > git cat-file -s d6d06beb585d919a16cc000c1f100dc0bed0cb40 [2ms]
2023-05-18 18:32:12.197 [info] > git rev-parse --show-toplevel [2ms]
2023-05-18 18:32:16.042 [info] > git rev-parse --show-toplevel [56ms]
2023-05-18 18:32:16.932 [info] > git rev-parse --show-toplevel [2ms]
2023-05-18 18:32:18.376 [info] > git rev-parse --show-toplevel [3ms]
2023-05-18 18:32:32.049 [info] > git rev-parse --show-toplevel [4ms]
2023-05-18 18:32:33.351 [info] > git rev-parse --show-toplevel [2ms]
2023-05-18 18:32:34.261 [info] > git rev-parse --show-toplevel [2ms]
2023-05-18 18:34:41.919 [info] > git rev-parse --show-toplevel [8ms]
2023-05-18 18:34:43.728 [info] > git rev-parse --show-toplevel [3ms]
2023-05-18 18:34:45.261 [info] > git rev-parse --show-toplevel [5ms]
2023-05-18 18:34:50.715 [info] > git rev-parse --show-toplevel [3ms]
2023-05-18 18:35:32.618 [info] > git rev-parse --show-toplevel [3ms]
2023-05-18 18:36:51.144 [info] > git rev-parse --show-toplevel [3ms]
2023-05-18 18:36:53.010 [info] > git rev-parse --show-toplevel [2ms]
2023-05-18 18:37:30.992 [info] > git rev-parse --show-toplevel [2ms]
2023-05-18 19:38:52.840 [info] > git rev-parse --show-toplevel [25ms]
