0 verbose cli [
0 verbose cli   '/home/wolfmagus/.nvm/versions/node/v16.14.0/bin/node',
0 verbose cli   '/home/wolfmagus/.nvm/versions/node/v16.14.0/bin/npm',
0 verbose cli   'view',
0 verbose cli   '--json',
0 verbose cli   'web-vitals',
0 verbose cli   'description',
0 verbose cli   'dist-tags.latest',
0 verbose cli   'homepage',
0 verbose cli   'version',
0 verbose cli   'time'
0 verbose cli ]
1 info using npm@8.3.1
2 info using node@v16.14.0
3 timing npm:load:whichnode Completed in 0ms
4 timing config:load:defaults Completed in 1ms
5 timing config:load:file:/home/wolfmagus/.nvm/versions/node/v16.14.0/lib/node_modules/npm/npmrc Completed in 1ms
6 timing config:load:builtin Completed in 1ms
7 timing config:load:cli Completed in 2ms
8 timing config:load:env Completed in 1ms
9 timing config:load:file:/home/wolfmagus/re-dev/react-practice/meme-gen/.npmrc Completed in 3ms
10 timing config:load:project Completed in 4ms
11 timing config:load:file:/home/wolfmagus/.npmrc Completed in 1ms
12 timing config:load:user Completed in 1ms
13 timing config:load:file:/home/wolfmagus/.nvm/versions/node/v16.14.0/etc/npmrc Completed in 2ms
14 timing config:load:global Completed in 3ms
15 timing config:load:validate Completed in 0ms
16 timing config:load:credentials Completed in 1ms
17 timing config:load:setEnvs Completed in 1ms
18 timing config:load Completed in 15ms
19 timing npm:load:configload Completed in 16ms
20 timing npm:load:setTitle Completed in 1ms
21 timing config:load:flatten Completed in 2ms
22 timing npm:load:display Completed in 3ms
23 verbose logfile /home/wolfmagus/.npm/_logs/2023-05-18T18_21_16_630Z-debug-0.log
24 timing npm:load:logFile Completed in 6ms
25 timing npm:load:timers Completed in 0ms
26 timing npm:load:configScope Completed in 0ms
27 timing npm:load Completed in 26ms
28 silly logfile start cleaning logs, removing 1 files
29 timing command:view Completed in 209ms
30 verbose exit 0
31 timing npm Completed in 367ms
32 info ok
