2023-06-01 12:20:30.695 [info] Log level: Info
2023-06-01 12:20:30.695 [info] Validating found git in: "git"
2023-06-01 12:20:30.695 [info] Using git "2.25.1" from "git"
2023-06-01 12:20:30.695 [info] > git rev-parse --show-toplevel [67ms]
2023-06-01 12:20:30.695 [info] > git rev-parse --git-dir --git-common-dir [1ms]
2023-06-01 12:20:30.695 [info] Open repository: /home/wolfmagus
2023-06-01 12:20:30.695 [info] > git config --get commit.template [14ms]
2023-06-01 12:20:30.695 [info] > git rev-parse --show-toplevel [112ms]
2023-06-01 12:20:30.733 [info] > git for-each-ref --format=%(refname)%00%(upstream:short)%00%(objectname)%00%(upstream:track)%00%(upstream:remotename)%00%(upstream:remoteref) refs/heads/main refs/remotes/main [29ms]
2023-06-01 12:20:31.161 [info] > git show --textconv :practice-projects/jeopardy/app.js [42ms]
2023-06-01 12:20:31.170 [info] > git ls-files --stage -- /home/wolfmagus/practice-projects/jeopardy/app.js [11ms]
2023-06-01 12:20:31.172 [info] > git check-ignore -v -z --stdin [84ms]
2023-06-01 12:20:46.696 [info] > git status -z -uall [15952ms] (cancelled)
2023-06-01 12:20:46.697 [info] > git check-ignore -v -z --stdin [2ms]
2023-06-01 14:15:20.596 [info] > git config --get commit.template [131ms]
2023-06-01 14:15:20.634 [info] > git for-each-ref --format=%(refname)%00%(upstream:short)%00%(objectname)%00%(upstream:track)%00%(upstream:remotename)%00%(upstream:remoteref) refs/heads/main refs/remotes/main [10ms]
2023-06-01 14:15:25.191 [info] > git status -z -uall [4510ms] (cancelled)
2023-06-01 15:17:41.047 [info] > git ls-files --stage -- /home/wolfmagus/practice-projects/jeopardy/app.js [8ms]
2023-06-01 15:17:41.056 [info] > git cat-file -s e69de29bb2d1d6434b8b29ae775ad8c2e48c5391 [4ms]
2023-06-01 15:17:41.079 [info] > git show --textconv :practice-projects/jeopardy/app.js [8ms]
2023-06-01 15:18:28.623 [info] > git ls-files --stage -- /home/wolfmagus/practice-projects/jeopardy/app.js [15ms]
2023-06-01 15:18:28.630 [info] > git cat-file -s e69de29bb2d1d6434b8b29ae775ad8c2e48c5391 [2ms]
2023-06-01 15:18:28.666 [info] > git show --textconv :practice-projects/jeopardy/app.js [10ms]
2023-06-01 15:19:45.959 [info] > git ls-files --stage -- /home/wolfmagus/practice-projects/jeopardy/app.js [5ms]
2023-06-01 15:19:45.965 [info] > git cat-file -s e69de29bb2d1d6434b8b29ae775ad8c2e48c5391 [1ms]
2023-06-01 15:19:45.997 [info] > git show --textconv :practice-projects/jeopardy/app.js [11ms]
2023-06-01 15:30:55.883 [info] > git ls-files --stage -- /home/wolfmagus/practice-projects/jeopardy/app.js [18ms]
2023-06-01 15:30:55.888 [info] > git cat-file -s e69de29bb2d1d6434b8b29ae775ad8c2e48c5391 [1ms]
2023-06-01 15:30:55.911 [info] > git show --textconv :practice-projects/jeopardy/app.js [13ms]
2023-06-01 15:31:10.032 [info] > git ls-files --stage -- /home/wolfmagus/practice-projects/jeopardy/app.js [17ms]
2023-06-01 15:31:10.040 [info] > git cat-file -s e69de29bb2d1d6434b8b29ae775ad8c2e48c5391 [1ms]
2023-06-01 15:31:10.065 [info] > git show --textconv :practice-projects/jeopardy/app.js [13ms]
2023-06-01 16:24:19.743 [info] > git ls-files --stage -- /home/wolfmagus/practice-projects/jeopardy/app.js [19ms]
2023-06-01 16:24:19.755 [info] > git cat-file -s e69de29bb2d1d6434b8b29ae775ad8c2e48c5391 [2ms]
2023-06-01 16:24:19.781 [info] > git show --textconv :practice-projects/jeopardy/app.js [14ms]
2023-06-01 16:47:45.770 [info] > git ls-files --stage -- /home/wolfmagus/practice-projects/jeopardy/app.js [28ms]
2023-06-01 16:47:45.776 [info] > git cat-file -s e69de29bb2d1d6434b8b29ae775ad8c2e48c5391 [1ms]
2023-06-01 16:47:45.799 [info] > git show --textconv :practice-projects/jeopardy/app.js [12ms]
2023-06-01 17:23:21.781 [info] > git ls-files --stage -- /home/wolfmagus/practice-projects/jeopardy/app.js [14ms]
2023-06-01 17:23:21.794 [info] > git cat-file -s e69de29bb2d1d6434b8b29ae775ad8c2e48c5391 [1ms]
2023-06-01 17:23:21.825 [info] > git show --textconv :practice-projects/jeopardy/app.js [14ms]
